# JRE version: Java(TM) SE Runtime Environment (14.0+36) (build 14+36-1461)
# Java VM: Java HotSpot(TM) 64-Bit Server VM (14+36-1461, mixed mode, sharing, tiered, compressed oops, g1 gc, windows-amd64)
Heap:
 garbage-first heap   total 495616K, used 27759K [0x0000000082000000, 0x0000000100000000)
  region size 1024K, 26 young (26624K), 1 survivors (1024K)
 Metaspace       used 4565K, capacity 6924K, committed 7168K, reserved 1056768K
  class space    used 564K, capacity 932K, committed 1024K, reserved 1048576K
GC Heap History (20 events):
Event: 9.058 GC heap before
{Heap before GC invocations=25 (full 0):
 garbage-first heap   total 495616K, used 299110K [0x0000000082000000, 0x0000000100000000)
  region size 1024K, 290 young (296960K), 1 survivors (1024K)
 Metaspace       used 4455K, capacity 6816K, committed 7168K, reserved 1056768K
  class space    used 552K, capacity 916K, committed 1024K, reserved 1048576K
}
Event: 9.059 GC heap after
{Heap after GC invocations=26 (full 0):
 garbage-first heap   total 495616K, used 3170K [0x0000000082000000, 0x0000000100000000)
  region size 1024K, 1 young (1024K), 1 survivors (1024K)
 Metaspace       used 4455K, capacity 6816K, committed 7168K, reserved 1056768K
  class space    used 552K, capacity 916K, committed 1024K, reserved 1048576K
}
Event: 9.132 GC heap before
{Heap before GC invocations=26 (full 0):
 garbage-first heap   total 495616K, used 299106K [0x0000000082000000, 0x0000000100000000)
  region size 1024K, 290 young (296960K), 1 survivors (1024K)
 Metaspace       used 4455K, capacity 6816K, committed 7168K, reserved 1056768K
  class space    used 552K, capacity 916K, committed 1024K, reserved 1048576K
}
Event: 9.133 GC heap after
{Heap after GC invocations=27 (full 0):
 garbage-first heap   total 495616K, used 3170K [0x0000000082000000, 0x0000000100000000)
  region size 1024K, 1 young (1024K), 1 survivors (1024K)
 Metaspace       used 4455K, capacity 6816K, committed 7168K, reserved 1056768K
  class space    used 552K, capacity 916K, committed 1024K, reserved 1048576K
}
Event: 9.205 GC heap before
{Heap before GC invocations=27 (full 0):
 garbage-first heap   total 495616K, used 299106K [0x0000000082000000, 0x0000000100000000)
  region size 1024K, 290 young (296960K), 1 survivors (1024K)
 Metaspace       used 4455K, capacity 6816K, committed 7168K, reserved 1056768K
  class space    used 552K, capacity 916K, committed 1024K, reserved 1048576K
}
Event: 9.206 GC heap after
{Heap after GC invocations=28 (full 0):
 garbage-first heap   total 495616K, used 3183K [0x0000000082000000, 0x0000000100000000)
  region size 1024K, 1 young (1024K), 1 survivors (1024K)
 Metaspace       used 4455K, capacity 6816K, committed 7168K, reserved 1056768K
  class space    used 552K, capacity 916K, committed 1024K, reserved 1048576K
}
Event: 9.278 GC heap before
{Heap before GC invocations=28 (full 0):
 garbage-first heap   total 495616K, used 299119K [0x0000000082000000, 0x0000000100000000)
  region size 1024K, 290 young (296960K), 1 survivors (1024K)
 Metaspace       used 4455K, capacity 6816K, committed 7168K, reserved 1056768K
  class space    used 552K, capacity 916K, committed 1024K, reserved 1048576K
}
Event: 9.279 GC heap after
{Heap after GC invocations=29 (full 0):
 garbage-first heap   total 495616K, used 3183K [0x0000000082000000, 0x0000000100000000)
  region size 1024K, 1 young (1024K), 1 survivors (1024K)
 Metaspace       used 4455K, capacity 6816K, committed 7168K, reserved 1056768K
  class space    used 552K, capacity 916K, committed 1024K, reserved 1048576K
}
Event: 9.367 GC heap before
{Heap before GC invocations=29 (full 0):
 garbage-first heap   total 495616K, used 299119K [0x0000000082000000, 0x0000000100000000)
  region size 1024K, 290 young (296960K), 1 survivors (1024K)
 Metaspace       used 4455K, capacity 6816K, committed 7168K, reserved 1056768K
  class space    used 552K, capacity 916K, committed 1024K, reserved 1048576K
}
Event: 9.368 GC heap after
{Heap after GC invocations=30 (full 0):
 garbage-first heap   total 495616K, used 3183K [0x0000000082000000, 0x0000000100000000)
  region size 1024K, 1 young (1024K), 1 survivors (1024K)
 Metaspace       used 4455K, capacity 6816K, committed 7168K, reserved 1056768K
  class space    used 552K, capacity 916K, committed 1024K, reserved 1048576K
}
Event: 9.436 GC heap before
{Heap before GC invocations=30 (full 0):
 garbage-first heap   total 495616K, used 299119K [0x0000000082000000, 0x0000000100000000)
  region size 1024K, 290 young (296960K), 1 survivors (1024K)
 Metaspace       used 4455K, capacity 6816K, committed 7168K, reserved 1056768K
  class space    used 552K, capacity 916K, committed 1024K, reserved 1048576K
}
Event: 9.437 GC heap after
{Heap after GC invocations=31 (full 0):
 garbage-first heap   total 495616K, used 3183K [0x0000000082000000, 0x0000000100000000)
  region size 1024K, 1 young (1024K), 1 survivors (1024K)
 Metaspace       used 4455K, capacity 6816K, committed 7168K, reserved 1056768K
  class space    used 552K, capacity 916K, committed 1024K, reserved 1048576K
}
Event: 9.506 GC heap before
{Heap before GC invocations=31 (full 0):
 garbage-first heap   total 495616K, used 299119K [0x0000000082000000, 0x0000000100000000)
  region size 1024K, 290 young (296960K), 1 survivors (1024K)
 Metaspace       used 4455K, capacity 6816K, committed 7168K, reserved 1056768K
  class space    used 552K, capacity 916K, committed 1024K, reserved 1048576K
}
Event: 9.507 GC heap after
{Heap after GC invocations=32 (full 0):
 garbage-first heap   total 495616K, used 3183K [0x0000000082000000, 0x0000000100000000)
  region size 1024K, 1 young (1024K), 1 survivors (1024K)
 Metaspace       used 4455K, capacity 6816K, committed 7168K, reserved 1056768K
  class space    used 552K, capacity 916K, committed 1024K, reserved 1048576K
}
Event: 9.577 GC heap before
{Heap before GC invocations=32 (full 0):
 garbage-first heap   total 495616K, used 299119K [0x0000000082000000, 0x0000000100000000)
  region size 1024K, 290 young (296960K), 1 survivors (1024K)
 Metaspace       used 4455K, capacity 6816K, committed 7168K, reserved 1056768K
  class space    used 552K, capacity 916K, committed 1024K, reserved 1048576K
}
Event: 9.578 GC heap after
{Heap after GC invocations=33 (full 0):
 garbage-first heap   total 495616K, used 3183K [0x0000000082000000, 0x0000000100000000)
  region size 1024K, 1 young (1024K), 1 survivors (1024K)
 Metaspace       used 4455K, capacity 6816K, committed 7168K, reserved 1056768K
  class space    used 552K, capacity 916K, committed 1024K, reserved 1048576K
}
Event: 9.660 GC heap before
{Heap before GC invocations=33 (full 0):
 garbage-first heap   total 495616K, used 299119K [0x0000000082000000, 0x0000000100000000)
  region size 1024K, 290 young (296960K), 1 survivors (1024K)
 Metaspace       used 4469K, capacity 6816K, committed 7168K, reserved 1056768K
  class space    used 552K, capacity 916K, committed 1024K, reserved 1048576K
}
Event: 9.661 GC heap after
{Heap after GC invocations=34 (full 0):
 garbage-first heap   total 495616K, used 3175K [0x0000000082000000, 0x0000000100000000)
  region size 1024K, 1 young (1024K), 1 survivors (1024K)
 Metaspace       used 4469K, capacity 6816K, committed 7168K, reserved 1056768K
  class space    used 552K, capacity 916K, committed 1024K, reserved 1048576K
}
Event: 9.747 GC heap before
{Heap before GC invocations=34 (full 0):
 garbage-first heap   total 495616K, used 299111K [0x0000000082000000, 0x0000000100000000)
  region size 1024K, 290 young (296960K), 1 survivors (1024K)
 Metaspace       used 4469K, capacity 6816K, committed 7168K, reserved 1056768K
  class space    used 552K, capacity 916K, committed 1024K, reserved 1048576K
}
Event: 9.748 GC heap after
{Heap after GC invocations=35 (full 0):
 garbage-first heap   total 495616K, used 3183K [0x0000000082000000, 0x0000000100000000)
  region size 1024K, 1 young (1024K), 1 survivors (1024K)
 Metaspace       used 4469K, capacity 6816K, committed 7168K, reserved 1056768K
  class space    used 552K, capacity 916K, committed 1024K, reserved 1048576K
}

